<component name="libraryTable">
  <library name="junit-4.4">
    <CLASSES>
      <root url="jar://$PROJECT_DIR$/../../%JUNIT_HOME%/junit-4.4.jar!/" />
    </CLASSES>
    <JAVADOC />
    <SOURCES />
  </library>
</component>